#
# There is insufficient memory for the Java Runtime Environment to continue.
# Native memory allocation (mmap) failed to map 8589934592 bytes for G1 virtual space
# Possible reasons:
#   The system is out of physical RAM or swap space
#   The process is running with CompressedOops enabled, and the Java Heap may be blocking the growth of the native heap
# Possible solutions:
#   Reduce memory load on the system
#   Increase physical memory or swap space
#   Check if swap backing store is full
#   Decrease Java heap size (-Xmx/-Xms)
#   Decrease number of Java threads
#   Decrease Java thread stack sizes (-Xss)
#   Set larger code cache with -XX:ReservedCodeCacheSize=
#   JVM is running with Zero Based Compressed Oops mode in which the Java heap is
#     placed in the first 32GB address space. The Java Heap base address is the
#     maximum limit for the native heap growth. Please use -XX:HeapBaseMinAddress
#     to set the Java Heap base and to place the Java Heap above 32GB virtual address.
# This output file may be truncated or incomplete.
#
#  Out of Memory Error (os_windows.cpp:3760), pid=1980, tid=7708
#
# JRE version:  (17.0.5+1) (build )
# Java VM: OpenJDK 64-Bit Server VM (17.0.5+1-b653.23, mixed mode, sharing, tiered, compressed oops, compressed class ptrs, g1 gc, windows-amd64)
# No core dump will be written. Minidumps are not enabled by default on client versions of Windows
#

---------------  S U M M A R Y ------------

Command Line: -Dawt.toolkit=com.intellij.desktop.DesktopActionsToolkit -Djava.rmi.server.hostname=127.0.0.1 -Duser.timezone=UTC -Xmx8192m -Xms8192m --add-exports=java.desktop/sun.awt=ALL-UNNAMED --add-exports=java.desktop/java.awt.peer=ALL-UNNAMED --add-opens=java.desktop/java.awt=ALL-UNNAMED --add-opens=jdk.unsupported/sun.misc=ALL-UNNAMED --add-opens=java.base/java.nio=ALL-UNNAMED --add-opens=java.base/java.util=ALL-UNNAMED -Dfile.encoding=UTF-8 com.intellij.database.remote.RemoteJdbcServer com.mysql.cj.jdbc.Driver

Host: AMD Ryzen 7 4800H with Radeon Graphics         , 16 cores, 15G,  Windows 10 , 64 bit Build 19041 (10.0.19041.3636)
Time: Mon Mar 18 16:25:16 2024  Windows 10 , 64 bit Build 19041 (10.0.19041.3636) elapsed time: 0.010238 seconds (0d 0h 0m 0s)

---------------  T H R E A D  ---------------

Current thread (0x0000026ce3417f40):  JavaThread "Unknown thread" [_thread_in_vm, id=7708, stack(0x000000e3dc800000,0x000000e3dc900000)]

Stack: [0x000000e3dc800000,0x000000e3dc900000]
Native frames: (J=compiled Java code, j=interpreted, Vv=VM code, C=native code)
V  [jvm.dll+0x6830ca]
V  [jvm.dll+0x83f4c4]
V  [jvm.dll+0x840c6e]
V  [jvm.dll+0x8412d3]
V  [jvm.dll+0x2490b5]
V  [jvm.dll+0x67ff99]
V  [jvm.dll+0x6744aa]
V  [jvm.dll+0x308f2b]
V  [jvm.dll+0x3103e6]
V  [jvm.dll+0x36013e]
V  [jvm.dll+0x36036f]
V  [jvm.dll+0x2df018]
V  [jvm.dll+0x2dff84]
V  [jvm.dll+0x810d91]
V  [jvm.dll+0x36df31]
V  [jvm.dll+0x7f028c]
V  [jvm.dll+0x3f0cbf]
V  [jvm.dll+0x3f2801]
C  [jli.dll+0x526b]
C  [ucrtbase.dll+0x21bb2]
C  [KERNEL32.DLL+0x17344]
C  [ntdll.dll+0x526b1]


---------------  P R O C E S S  ---------------

Threads class SMR info:
_java_thread_list=0x00007ffb453a8f98, length=0, elements={
}

Java Threads: ( => current thread )

Other Threads:
  0x0000026ce34ca020 GCTaskThread "GC Thread#0" [stack: 0x000000e3dc900000,0x000000e3dca00000] [id=23700]
  0x0000026ce34dae70 ConcurrentGCThread "G1 Main Marker" [stack: 0x000000e3dca00000,0x000000e3dcb00000] [id=7872]
  0x0000026ce34db790 ConcurrentGCThread "G1 Conc#0" [stack: 0x000000e3dcb00000,0x000000e3dcc00000] [id=3712]

[error occurred during error reporting (printing all threads), id 0xc0000005, EXCEPTION_ACCESS_VIOLATION (0xc0000005) at pc=0x00007ffb44b5fbd7]

VM state: not at safepoint (not fully initialized)

VM Mutex/Monitor currently owned by a thread:  ([mutex/lock_event])
[0x0000026ce3412430] Heap_lock - owner thread: 0x0000026ce3417f40

Heap address: 0x0000000600000000, size: 8192 MB, Compressed Oops mode: Zero based, Oop shift amount: 3

CDS archive(s) mapped at: [0x0000000000000000-0x0000000000000000-0x0000000000000000), size 0, SharedBaseAddress: 0x0000000800000000, ArchiveRelocationMode: 0.
Narrow klass base: 0x0000000000000000, Narrow klass shift: 0, Narrow klass range: 0x0

GC Precious Log:
<Empty>

Heap:
 garbage-first heap   total 0K, used 0K [0x0000000600000000, 0x0000000800000000)
  region size 4096K, 0 young (0K), 0 survivors (0K)

[error occurred during error reporting (printing heap information), id 0xc0000005, EXCEPTION_ACCESS_VIOLATION (0xc0000005) at pc=0x00007ffb44f4cd59]

GC Heap History (0 events):
No events

Dll operation events (1 events):
Event: 0.006 Loaded shared library D:\1lllljc\IntelliJ IDEA 2022.3.1\jbr\bin\java.dll

Deoptimization events (0 events):
No events

Classes unloaded (0 events):
No events

Classes redefined (0 events):
No events

Internal exceptions (0 events):
No events

VM Operations (0 events):
No events

Events (0 events):
No events


Dynamic libraries:
0x00007ff734f20000 - 0x00007ff734f2a000 	D:\1lllljc\IntelliJ IDEA 2022.3.1\jbr\bin\java.exe
0x00007ffb9d450000 - 0x00007ffb9d648000 	C:\Windows\SYSTEM32\ntdll.dll
0x00007ffb9ce40000 - 0x00007ffb9cefd000 	C:\Windows\System32\KERNEL32.DLL
0x00007ffb9adf0000 - 0x00007ffb9b0e6000 	C:\Windows\System32\KERNELBASE.dll
0x00007ffb9ab00000 - 0x00007ffb9ac00000 	C:\Windows\System32\ucrtbase.dll
0x00007ffb95610000 - 0x00007ffb95627000 	D:\1lllljc\IntelliJ IDEA 2022.3.1\jbr\bin\jli.dll
0x00007ffb953c0000 - 0x00007ffb953db000 	D:\1lllljc\IntelliJ IDEA 2022.3.1\jbr\bin\VCRUNTIME140.dll
0x00007ffb9bb80000 - 0x00007ffb9bd1e000 	C:\Windows\System32\USER32.dll
0x00007ffb9b260000 - 0x00007ffb9b282000 	C:\Windows\System32\win32u.dll
0x00007ffb8ab00000 - 0x00007ffb8ad9a000 	C:\Windows\WinSxS\amd64_microsoft.windows.common-controls_6595b64144ccf1df_6.0.19041.3636_none_60b6a03d71f818d5\COMCTL32.dll
0x00007ffb9d0c0000 - 0x00007ffb9d0eb000 	C:\Windows\System32\GDI32.dll
0x00007ffb9c080000 - 0x00007ffb9c11e000 	C:\Windows\System32\msvcrt.dll
0x00007ffb9b0f0000 - 0x00007ffb9b207000 	C:\Windows\System32\gdi32full.dll
0x00007ffb9b340000 - 0x00007ffb9b3dd000 	C:\Windows\System32\msvcp_win.dll
0x00007ffb9b480000 - 0x00007ffb9b4b2000 	C:\Windows\System32\IMM32.DLL
0x00007ffb95a30000 - 0x00007ffb95a3c000 	D:\1lllljc\IntelliJ IDEA 2022.3.1\jbr\bin\vcruntime140_1.dll
0x00007ffb6dac0000 - 0x00007ffb6db4d000 	D:\1lllljc\IntelliJ IDEA 2022.3.1\jbr\bin\msvcp140.dll
0x00007ffb44870000 - 0x00007ffb454db000 	D:\1lllljc\IntelliJ IDEA 2022.3.1\jbr\bin\server\jvm.dll
0x00007ffb9cd90000 - 0x00007ffb9ce40000 	C:\Windows\System32\ADVAPI32.dll
0x00007ffb9d370000 - 0x00007ffb9d410000 	C:\Windows\System32\sechost.dll
0x00007ffb9bd20000 - 0x00007ffb9be45000 	C:\Windows\System32\RPCRT4.dll
0x00007ffb9b450000 - 0x00007ffb9b477000 	C:\Windows\System32\bcrypt.dll
0x00007ffb91fc0000 - 0x00007ffb91fca000 	C:\Windows\SYSTEM32\VERSION.dll
0x00007ffb8b560000 - 0x00007ffb8b587000 	C:\Windows\SYSTEM32\WINMM.dll
0x00007ffb869f0000 - 0x00007ffb869f9000 	C:\Windows\SYSTEM32\WSOCK32.dll
0x00007ffb9c130000 - 0x00007ffb9c19b000 	C:\Windows\System32\WS2_32.dll
0x00007ffb989b0000 - 0x00007ffb989c2000 	C:\Windows\SYSTEM32\kernel.appcore.dll
0x00007ffb95a20000 - 0x00007ffb95a2a000 	D:\1lllljc\IntelliJ IDEA 2022.3.1\jbr\bin\jimage.dll
0x00007ffb91490000 - 0x00007ffb91674000 	C:\Windows\SYSTEM32\DBGHELP.DLL
0x00007ffb900b0000 - 0x00007ffb900e4000 	C:\Windows\SYSTEM32\dbgcore.DLL
0x00007ffb9ad60000 - 0x00007ffb9ade2000 	C:\Windows\System32\bcryptPrimitives.dll
0x00007ffb955c0000 - 0x00007ffb955e5000 	D:\1lllljc\IntelliJ IDEA 2022.3.1\jbr\bin\java.dll

dbghelp: loaded successfully - version: 4.0.5 - missing functions: none
symbol engine: initialized successfully - sym options: 0x614 - pdb path: .;D:\1lllljc\IntelliJ IDEA 2022.3.1\jbr\bin;C:\Windows\SYSTEM32;C:\Windows\WinSxS\amd64_microsoft.windows.common-controls_6595b64144ccf1df_6.0.19041.3636_none_60b6a03d71f818d5;D:\1lllljc\IntelliJ IDEA 2022.3.1\jbr\bin\server

VM Arguments:
jvm_args: -Dawt.toolkit=com.intellij.desktop.DesktopActionsToolkit -Djava.rmi.server.hostname=127.0.0.1 -Duser.timezone=UTC -Xmx8192m -Xms8192m --add-exports=java.desktop/sun.awt=ALL-UNNAMED --add-exports=java.desktop/java.awt.peer=ALL-UNNAMED --add-opens=java.desktop/java.awt=ALL-UNNAMED --add-opens=jdk.unsupported/sun.misc=ALL-UNNAMED --add-opens=java.base/java.nio=ALL-UNNAMED --add-opens=java.base/java.util=ALL-UNNAMED -Dfile.encoding=UTF-8 
java_command: com.intellij.database.remote.RemoteJdbcServer com.mysql.cj.jdbc.Driver
java_class_path (initial): D:\1lllljc\IntelliJ IDEA 2022.3.1\lib\util_rt.jar;D:\1lllljc\IntelliJ IDEA 2022.3.1\lib\3rd-party-rt.jar;D:\1lllljc\IntelliJ IDEA 2022.3.1\lib\groovy.jar;D:\1lllljc\IntelliJ IDEA 2022.3.1\plugins\DatabaseTools\lib\jdbc-console.jar;D:\1lllljc\IntelliJ IDEA 2022.3.1\plugins\grid-core-impl\lib\jdbc-console-types.jar;C:\Users\63483\AppData\Roaming\JetBrains\IntelliJIdea2022.3\jdbc-drivers\MySQL ConnectorJ\8.2.0\com\mysql\mysql-connector-j\8.2.0\mysql-connector-j-8.2.0.jar;C:\Users\63483\AppData\Roaming\JetBrains\IntelliJIdea2022.3\jdbc-drivers\MySQL ConnectorJ\8.2.0\com\google\protobuf\protobuf-java\3.21.9\protobuf-java-3.21.9.jar
Launcher Type: SUN_STANDARD

[Global flags]
     intx CICompilerCount                          = 12                                        {product} {ergonomic}
     uint ConcGCThreads                            = 3                                         {product} {ergonomic}
     uint G1ConcRefinementThreads                  = 13                                        {product} {ergonomic}
   size_t G1HeapRegionSize                         = 4194304                                   {product} {ergonomic}
    uintx GCDrainStackTargetSize                   = 64                                        {product} {ergonomic}
   size_t InitialHeapSize                          = 8589934592                                {product} {command line}
   size_t MarkStackSize                            = 4194304                                   {product} {ergonomic}
   size_t MaxHeapSize                              = 8589934592                                {product} {command line}
   size_t MinHeapDeltaBytes                        = 4194304                                   {product} {ergonomic}
   size_t MinHeapSize                              = 8589934592                                {product} {command line}
    uintx NonNMethodCodeHeapSize                   = 7602480                                {pd product} {ergonomic}
    uintx NonProfiledCodeHeapSize                  = 122027880                              {pd product} {ergonomic}
    uintx ProfiledCodeHeapSize                     = 122027880                              {pd product} {ergonomic}
    uintx ReservedCodeCacheSize                    = 251658240                              {pd product} {ergonomic}
     bool SegmentedCodeCache                       = true                                      {product} {ergonomic}
   size_t SoftMaxHeapSize                          = 8589934592                             {manageable} {ergonomic}
     bool UseCompressedClassPointers               = true                           {product lp64_product} {ergonomic}
     bool UseCompressedOops                        = true                           {product lp64_product} {ergonomic}
     bool UseG1GC                                  = true                                      {product} {ergonomic}
     bool UseLargePagesIndividualAllocation        = false                                  {pd product} {ergonomic}

Logging:
Log output configuration:
 #0: stdout all=warning uptime,level,tags
 #1: stderr all=off uptime,level,tags

Environment Variables:
JAVA_HOME=D:\1lllljc\JDK-11
CLASSPATH=.;D:\1lllljc\JDK-11\lib;D:\1lllljc\JDK-11\lib\tools.jar
PATH=C:\Windows\system32;C:\Windows;C:\Windows\System32\Wbem;C:\Windows\System32\WindowsPowerShell\v1.0\;C:\Windows\System32\OpenSSH\;%JAVA_;OME%\bin;D:\1lllljc\JDK-11\jre\bin;D:\1lllljc\node-v14.21.3-win-x64;D:\1lllljc\node-v14.21.3-win-x64\node_global;C:\Program Files\Bandizip\;D:\1lllljc\Maven\apache-maven-3.6.3\bin;D:\1lllljc\Git\Git\cmd;D:\1lllljc\微信web开发者工具\dll;C:\Program Files\MySQL\MySQL Server 8.0\bin;C:\Users\63483\AppData\Local\Microsoft\WindowsApps;;D:\1lllljc\IntelliJ IDEA 2022.3.1\bin;;D:\1lllljc\WebStorm 2023.3.3\bin;
USERNAME=63483
OS=Windows_NT
PROCESSOR_IDENTIFIER=AMD64 Family 23 Model 96 Stepping 1, AuthenticAMD
TMP=C:\Users\63483\AppData\Local\Temp
TEMP=C:\Users\63483\AppData\Local\Temp



---------------  S Y S T E M  ---------------

OS:
 Windows 10 , 64 bit Build 19041 (10.0.19041.3636)
OS uptime: 2 days 6:29 hours

CPU: total 16 (initial active 16) (16 cores per cpu, 2 threads per core) family 23 model 96 stepping 1 microcode 0x0, cx8, cmov, fxsr, ht, mmx, 3dnowpref, sse, sse2, sse3, ssse3, sse4a, sse4.1, sse4.2, popcnt, lzcnt, tsc, tscinvbit, avx, avx2, aes, clmul, bmi1, bmi2, adx, sha, fma, vzeroupper, clflush, clflushopt

Memory: 4k page, system-wide physical 15785M (1926M free)
TotalPageFile size 38049M (AvailPageFile size 1052M)
current process WorkingSet (physical memory assigned to process): 11M, peak: 11M
current process commit charge ("private bytes"): 70M, peak: 8262M

vm_info: OpenJDK 64-Bit Server VM (17.0.5+1-b653.23) for windows-amd64 JRE (17.0.5+1-b653.23), built on 2022-12-12 by "builduser" with MS VC++ 16.10 / 16.11 (VS2019)

END.
